Determining if the pthread_create exist failed with the following output:
Change Dir: /home/indemind/Documents/C++/wsd/WSDOwnOpencvCodeSet/ceresAnalysis/build/CMakeFiles/CMakeTmp

Run Build Command:"/usr/bin/make" "cmTC_d8fbd/fast"
/usr/bin/make -f CMakeFiles/cmTC_d8fbd.dir/build.make CMakeFiles/cmTC_d8fbd.dir/build
make[1]: Entering directory '/home/indemind/Documents/C++/wsd/WSDOwnOpencvCodeSet/ceresAnalysis/build/CMakeFiles/CMakeTmp'
Building C object CMakeFiles/cmTC_d8fbd.dir/CheckSymbolExists.c.o
/usr/bin/cc     -o CMakeFiles/cmTC_d8fbd.dir/CheckSymbolExists.c.o   -c /home/indemind/Documents/C++/wsd/WSDOwnOpencvCodeSet/ceresAnalysis/build/CMakeFiles/CMakeTmp/CheckSymbolExists.c
Linking C executable cmTC_d8fbd
/usr/bin/cmake -E cmake_link_script CMakeFiles/cmTC_d8fbd.dir/link.txt --verbose=1
/usr/bin/cc       CMakeFiles/cmTC_d8fbd.dir/CheckSymbolExists.c.o  -o cmTC_d8fbd -rdynamic 
CMakeFiles/cmTC_d8fbd.dir/CheckSymbolExists.c.o: In function `main':
CheckSymbolExists.c:(.text+0x16): undefined reference to `pthread_create'
collect2: error: ld returned 1 exit status
CMakeFiles/cmTC_d8fbd.dir/build.make:97: recipe for target 'cmTC_d8fbd' failed
make[1]: *** [cmTC_d8fbd] Error 1
make[1]: Leaving directory '/home/indemind/Documents/C++/wsd/WSDOwnOpencvCodeSet/ceresAnalysis/build/CMakeFiles/CMakeTmp'
Makefile:126: recipe for target 'cmTC_d8fbd/fast' failed
make: *** [cmTC_d8fbd/fast] Error 2

File /home/indemind/Documents/C++/wsd/WSDOwnOpencvCodeSet/ceresAnalysis/build/CMakeFiles/CMakeTmp/CheckSymbolExists.c:
/* */
#include <pthread.h>

int main(int argc, char** argv)
{
  (void)argv;
#ifndef pthread_create
  return ((int*)(&pthread_create))[argc];
#else
  (void)argc;
  return 0;
#endif
}

Determining if the function pthread_create exists in the pthreads failed with the following output:
Change Dir: /home/indemind/Documents/C++/wsd/WSDOwnOpencvCodeSet/ceresAnalysis/build/CMakeFiles/CMakeTmp

Run Build Command:"/usr/bin/make" "cmTC_5ca7d/fast"
/usr/bin/make -f CMakeFiles/cmTC_5ca7d.dir/build.make CMakeFiles/cmTC_5ca7d.dir/build
make[1]: Entering directory '/home/indemind/Documents/C++/wsd/WSDOwnOpencvCodeSet/ceresAnalysis/build/CMakeFiles/CMakeTmp'
Building C object CMakeFiles/cmTC_5ca7d.dir/CheckFunctionExists.c.o
/usr/bin/cc    -DCHECK_FUNCTION_EXISTS=pthread_create   -o CMakeFiles/cmTC_5ca7d.dir/CheckFunctionExists.c.o   -c /usr/share/cmake-3.5/Modules/CheckFunctionExists.c
Linking C executable cmTC_5ca7d
/usr/bin/cmake -E cmake_link_script CMakeFiles/cmTC_5ca7d.dir/link.txt --verbose=1
/usr/bin/cc   -DCHECK_FUNCTION_EXISTS=pthread_create    CMakeFiles/cmTC_5ca7d.dir/CheckFunctionExists.c.o  -o cmTC_5ca7d -rdynamic -lpthreads 
/usr/bin/ld: cannot find -lpthreads
collect2: error: ld returned 1 exit status
CMakeFiles/cmTC_5ca7d.dir/build.make:97: recipe for target 'cmTC_5ca7d' failed
make[1]: *** [cmTC_5ca7d] Error 1
make[1]: Leaving directory '/home/indemind/Documents/C++/wsd/WSDOwnOpencvCodeSet/ceresAnalysis/build/CMakeFiles/CMakeTmp'
Makefile:126: recipe for target 'cmTC_5ca7d/fast' failed
make: *** [cmTC_5ca7d/fast] Error 2


